INFO 2024-03-01 15:51:57,026 views_reports 11824 18860 __-=*=-__ Retrieved assigned assets for staff with ID: 12. __-=*=-__
INFO 2024-03-01 15:55:37,838 views_reports 11824 18860 Retrieved retired assets
INFO 2024-03-01 15:56:04,126 views_reports 11824 18860 Retrieved retired assets
INFO 2024-03-01 15:57:11,560 views_main 11824 18860 All Assets viewed by user 4 user_1.
INFO 2024-03-01 15:57:30,255 views_reports 11824 18860 Retrieved retired assets
INFO 2024-03-01 15:58:38,400 views_reports 11824 18860 Calculated total price of active assets
INFO 2024-03-01 15:58:57,744 views_reports 11824 18860 Calculated total current price of active assets
INFO 2024-03-01 15:59:02,629 views_reports 11824 18860 Calculated total price of active assets
INFO 2024-03-01 15:59:09,935 views_reports 11824 18860 Calculated total current price of active assets
INFO 2024-03-01 15:59:54,927 views_reports 11824 18860 Calculated total price for asset type with id 1
INFO 2024-03-01 16:00:14,192 views_reports 11824 18860 Calculated current price for asset type with id 1
INFO 2024-03-01 16:02:59,910 views_main 11824 18860 All AssetsAssignments viewed by user 4 user_1.
ERROR 2024-03-01 16:04:39,321 views_main 11824 18860 AssetAssignment with pk=215 does not exist
INFO 2024-03-01 16:04:55,574 views_main 11824 18860 AssetAssignment 210 viewed by user 4 user_1.
ERROR 2024-03-02 15:06:56,067 views_user 2308 16104 User settings not found for user: user_4
ERROR 2024-03-02 15:54:58,298 views_user 12748 14940 User settings not found for user: user_4
ERROR 2024-03-02 16:02:35,146 views_user 13516 1432 Настройки пользователя не найдены для пользователя: user_4
ERROR 2024-03-02 16:03:16,611 views_user 13516 1432 Настройки пользователя не найдены для пользователя: user_4
ERROR 2024-03-03 11:12:38,554 views_user 9820 11688 Настройки пользователя не найдены для пользователя: user_4
ERROR 2024-03-03 11:18:15,518 views_user 9888 10680 User settings not found for user: user_4
ERROR 2024-03-03 11:19:15,330 views_user 9888 10680 User settings not found for user: user_4
ERROR 2024-03-03 11:19:37,057 views_user 9888 10680 User settings not found for user: user_4
ERROR 2024-03-03 11:20:08,873 views_user 9888 10680 User settings not found for user: user_4
ERROR 2024-03-03 11:24:40,802 views_user 3860 12352 Invalid data to add user settings for user: user_4
ERROR 2024-03-03 11:30:21,325 views_user 10776 11968 Invalid data to add user settings for user: user_4
ERROR 2024-03-03 11:31:06,485 views_user 8844 12868 Invalid data to add user settings for user: user_4
ERROR 2024-03-03 11:34:34,672 views_user 5028 7344 User settings already exist for user: user_4
ERROR 2024-03-03 11:39:42,649 views_user 5348 5492 User settings not found for user: user_4
ERROR 2024-03-03 11:39:53,243 views_user 5348 5492 User settings already exist for user: user_4
ERROR 2024-03-03 11:40:25,174 views_user 15120 11736 User settings already exist for user: user_4
ERROR 2024-03-03 11:42:39,873 views_user 14944 14372 Invalid data to add user settings for user: user_4
ERROR 2024-03-03 11:42:53,322 views_user 14944 14372 User settings not found for user: user_4
ERROR 2024-03-03 11:42:57,020 views_user 14944 14372 User settings not found for user: user_4
ERROR 2024-03-03 11:59:52,169 views_user 4856 10064 User settings not found for user: user_4
ERROR 2024-03-03 12:00:11,499 views_user 4856 10064 User settings not found for user: user_4
ERROR 2024-03-03 12:02:51,012 views_user 4856 10064 User settings not found for user: user_4
ERROR 2024-03-03 12:02:59,060 views_user 4856 10064 User settings not found for user: user_4
ERROR 2024-03-03 12:05:14,406 views_user 13044 12500 Invalid data to add user settings for user: user_4
ERROR 2024-03-03 12:17:02,222 views_user 13044 12500 Invalid data to add user settings for user: user_4
INFO 2024-03-03 12:29:29,761 views_user 13044 12500 User settings added for user: user_4
ERROR 2024-03-03 12:30:29,406 views_user 13044 12500 User settings already exist for user: user_4
INFO 2024-03-03 12:30:58,516 views_user 13044 12500 User settings fetched for user: user_4
INFO 2024-03-03 12:31:26,306 views_user 13044 12500 User settings updated for user: user_4
INFO 2024-03-03 12:31:39,300 views_user 13044 12500 User settings updated for user: user_4
INFO 2024-03-03 12:31:57,188 views_user 13044 12500 User settings fetched for user: user_4
INFO 2024-03-03 12:36:00,019 views_user 13992 1988 User settings fetched for user: user_4
INFO 2024-03-03 12:36:10,458 views_user 13992 1988 User settings updated for user: user_4
INFO 2024-03-03 12:36:54,461 views_user 13992 1988 User settings updated for user: user_4
ERROR 2024-03-03 12:39:36,051 views_user 13992 1988 User settings already exist for user: user_4
ERROR 2024-03-03 12:39:55,567 views_user 13992 1988 User settings already exist for user: user_4
ERROR 2024-03-03 12:40:49,696 views_user 1824 12192 User settings already exist for user: user_4
ERROR 2024-03-03 12:47:49,004 views_user 12592 14552 User settings already exist for user: user_4
INFO 2024-03-03 12:49:04,059 views_user 7520 12504 User settings added for user: user_3
ERROR 2024-03-03 12:49:15,101 views_user 7520 12504 User settings already exist for user: user_3
INFO 2024-03-03 12:51:56,735 views_user 7520 12504 User settings added for user: admin
INFO 2024-03-03 12:52:33,615 views_user 7520 12504 User settings added for user: user_1
INFO 2024-03-03 12:52:53,807 views_user 7520 12504 User settings added for user: user_2
ERROR 2024-03-03 12:52:56,123 views_user 7520 12504 User settings already exist for user: user_2
INFO 2024-03-03 12:53:58,621 views_user 7520 12504 User settings added for user: user_5
INFO 2024-03-03 12:54:32,444 views_user 7520 12504 User settings fetched for user: user_4
INFO 2024-03-03 12:56:03,319 views_user 7520 12504 User settings fetched for user: user_4
INFO 2024-03-03 12:56:23,498 views_user 7520 12504 User settings updated for user: user_4
INFO 2024-03-03 12:56:43,442 views_user 7520 12504 User settings updated for user: user_4
INFO 2024-03-03 15:38:04,687 views_main 4020 9784 All Assets viewed by user 6 user_1.
INFO 2024-03-03 15:38:15,560 views_main 4020 9784 Asset 210 Asus viewed by user 6 user_1.
INFO 2024-03-03 15:38:32,821 views_reports 4020 9784 __-=*=-__ Retrieved assigned assets for staff with ID: 12. __-=*=-__
INFO 2024-03-03 15:38:48,488 views_reports 4020 9784 Retrieved assets for department with ID: 1
INFO 2024-03-05 08:17:43,335 views_tasks 13852 7684 Successful completion of recalculation of fixed assets...
INFO 2024-03-05 14:35:55,262 views_tasks 12892 10296 Successful completion of recalculation of fixed assets...
INFO 2024-03-05 14:41:54,281 views_reports 8876 11952 Calculated current price for asset type with id 1
INFO 2024-03-05 14:41:59,013 views_reports 8876 11952 Calculated total price for asset type with id 1
INFO 2024-03-05 14:42:02,613 views_reports 8876 11952 Calculated total current price of active assets
INFO 2024-03-05 14:42:06,881 views_reports 8876 11952 Calculated total price of active assets
INFO 2024-03-05 14:42:12,714 views_reports 8876 11952 Calculated total current price of active assets
INFO 2024-03-05 14:42:18,007 views_reports 8876 11952 Retrieved retired assets
INFO 2024-03-05 14:42:25,878 views_reports 8876 11952 Retrieved assets for division with ID: 1
INFO 2024-03-05 14:42:41,913 views_reports 8876 11952 Retrieved assets for department with ID: 1
INFO 2024-03-05 14:42:52,405 views_reports 8876 11952 __-=*=-__ Retrieved assigned assets for staff with ID: 12. __-=*=-__
INFO 2024-03-05 14:43:04,870 views_tasks 8876 11952 Successful completion of recalculation of fixed assets...
INFO 2024-03-05 18:34:39,064 views_user 11912 11404 User settings fetched for user: user_1
ERROR 2024-03-05 18:35:32,830 views_user 11912 11404 User settings already exist for user: user_1
INFO 2024-03-05 18:35:51,019 views_user 11912 11404 User settings fetched for user: user_1
INFO 2024-03-05 18:36:11,587 views_user 11912 11404 User settings updated for user: user_1
INFO 2024-03-05 18:52:55,544 views_tasks 11912 11404 Successful completion of recalculation of fixed assets...
INFO 2024-03-05 18:58:25,839 views_reports 11912 11404 __-=*=-__ Retrieved assigned assets for staff with ID: 12. __-=*=-__
INFO 2024-03-05 18:58:48,069 views_reports 11912 11404 Retrieved assets for department with ID: 1
INFO 2024-03-05 18:59:30,632 views_reports 11912 11404 Retrieved assets for division with ID: 1
INFO 2024-03-05 18:59:40,195 views_reports 11912 11404 Retrieved retired assets
INFO 2024-03-05 18:59:50,023 views_reports 11912 11404 Calculated total price of active assets
INFO 2024-03-05 18:59:59,062 views_reports 11912 11404 Calculated total current price of active assets
INFO 2024-03-05 19:00:15,143 views_reports 11912 11404 Calculated total price for asset type with id 1
INFO 2024-03-05 19:00:21,497 views_reports 11912 11404 Calculated current price for asset type with id 1
INFO 2024-03-06 11:51:51,192 views_tasks 5564 11184 Successful completion of recalculation of fixed assets...
INFO 2024-03-06 11:54:40,578 views_tasks 11156 10040 Successful completion of recalculation of fixed assets...
INFO 2024-03-06 11:56:53,822 views_main 11156 10040 All AssetTypes viewed by user 6 user_1.
INFO 2024-03-06 11:57:09,871 views_main 11156 10040 AssetType 6 Printer viewed by user 6 user_1.
ERROR 2024-03-06 14:15:28,970 views_user 10668 5320 Invalid data to add user settings for user: user_1
INFO 2024-03-06 14:17:02,565 views_user 10668 5320 User settings added for user: user_1
ERROR 2024-03-06 14:19:50,849 views_user 10668 5320 User settings already exist for user: user_1
INFO 2024-03-06 14:20:32,221 views_user 10668 5320 User settings updated for user: user_1
INFO 2024-03-06 14:20:47,241 views_user 10668 5320 User settings fetched for user: user_1
INFO 2024-03-06 14:25:07,201 views_user 17808 19540 User settings fetched for user: user_1
INFO 2024-03-06 14:25:10,617 views_user 17808 19540 User settings updated for user: user_1
ERROR 2024-03-06 14:25:13,685 views_user 17808 19540 User settings already exist for user: user_1
ERROR 2024-03-06 14:31:37,019 views_user 17808 19540 User settings already exist for user: user_1
INFO 2024-03-06 14:31:42,591 views_user 17808 19540 User settings updated for user: user_1
INFO 2024-03-06 14:31:49,860 views_user 17808 19540 User settings fetched for user: user_1
INFO 2024-03-06 14:32:20,914 views_user 17808 19540 User settings updated for user: user_1
INFO 2024-03-06 14:32:31,425 views_user 17808 19540 User settings fetched for user: user_1
INFO 2024-03-06 16:23:02,313 views_user 9920 11624 User settings fetched for user: user_1
INFO 2024-03-06 16:23:30,975 views_user 9920 11624 User settings updated for user: user_1
INFO 2024-03-06 17:20:49,681 views_main 9476 3948 All Departments viewed by user 6 user_1.
WARNING 2024-03-07 09:41:04,115 views_user 19580 17504 Only administrators can view users.
WARNING 2024-03-07 09:41:35,121 views_user 19580 17504 Only administrators can create users.
WARNING 2024-03-07 09:42:20,831 views_user 19580 17504 Current password is incorrect.
WARNING 2024-03-07 09:42:40,890 views_user 19580 17504 Current password is incorrect.
WARNING 2024-03-07 09:43:02,742 views_user 19580 17504 Current password is incorrect.
WARNING 2024-03-07 09:43:41,914 views_user 19580 17504 Current password is incorrect.
WARNING 2024-03-07 09:44:04,257 views_user 19580 17504 Only administrators can create users.
WARNING 2024-03-07 09:45:45,888 views_user 19580 17504 Current password is incorrect.
INFO 2024-03-07 09:45:59,624 views_user 19580 17504 Password changed successfully.
WARNING 2024-03-07 09:46:39,257 views_user 19580 17504 Only administrators can create users.
INFO 2024-03-07 09:47:25,947 views_user 19580 17504 User created successfully.
INFO 2024-03-07 09:48:28,001 views_user 19580 17504 Password changed successfully.
ERROR 2024-03-07 09:48:52,235 views_user 19580 17504 User settings not found for user: user_6
ERROR 2024-03-07 09:49:16,947 views_user 19580 17504 Invalid data to add user settings for user: user_6
INFO 2024-03-07 09:49:34,688 views_user 19580 17504 User settings added for user: user_6
INFO 2024-03-07 09:50:04,618 views_user 19580 17504 User settings fetched for user: user_6
INFO 2024-03-07 09:50:18,601 views_user 19580 17504 User settings updated for user: user_1
INFO 2024-03-07 09:51:40,580 views_main 19580 17504 All Departments viewed by user 12 user_6.
INFO 2024-03-07 09:52:01,225 views_main 19580 17504 Department 2 Technical department viewed by user 12 user_6.
INFO 2024-03-07 09:53:15,444 views_main 19580 17504 
(__-=*=-__ Department 14 Dep_Test_0001 added by user 12 user_6. __-=*=-__)
INFO 2024-03-07 09:54:04,991 views_main 19580 17504 All Departments viewed by user 12 user_6.
INFO 2024-03-07 09:54:43,311 views_main 19580 17504 
(__-=*=-__ Department 14 Dep_Test_4321 updated by user 12 user_6. __-=*=-__)
INFO 2024-03-07 09:55:15,475 views_main 19580 17504 
(__-=*=-__ Department 14 Dep_Test_4321 deleted by user 12 user_6. __-=*=-__)
INFO 2024-03-07 10:08:07,133 views_main 19580 17504 
(__-=*=-__ Department 15 Dep_Test_0001 added by user 12 user_6. __-=*=-__)
INFO 2024-03-07 10:08:43,749 views_main 19580 17504 Division 18 Div_Test_0001 added by user 12 user_6.
INFO 2024-03-07 10:09:35,578 views_main 19580 17504 All Positions viewed by user 12 user_6.
INFO 2024-03-07 10:11:58,661 views_main 19580 17504 
(__-=*=-__ Staff 47 Дустов Далерджон Юнусович added by user 12 user_6. __-=*=-__)
INFO 2024-03-07 10:12:13,270 views_main 19580 17504 All AssetTypes viewed by user 6 user_1.
INFO 2024-03-07 10:12:37,353 views_main 19580 17504 All Assets viewed by user 12 user_6.
INFO 2024-03-07 10:14:11,710 views_main 19580 17504 All AssetTypes viewed by user 6 user_1.
INFO 2024-03-07 10:14:43,741 views_main 19580 17504 
(__-=*=-__ Asset 216 MacBook added by user 12 user_6. __-=*=-__)
INFO 2024-03-07 10:16:16,770 views_main 19580 17504 
(__-=*=-__ User 12 user_6 created asset assignment: 226. The fixed asset Asset object (216) is tied to the employee Дустов Далерджон Юнусович. __-=*=-__)
INFO 2024-03-07 10:17:08,219 views_main 19580 17504 All Staff viewed by user 12 user_6.
INFO 2024-03-07 10:17:53,669 views_main 19580 17504 
(__-=*=-__ User 12 user_6 created asset assignment: 227. The fixed asset Asset object (216) is tied to the employee Иванов Иван Иванович. __-=*=-__)
ERROR 2024-03-07 10:20:24,512 views_main 19580 17504 Invalid asset assignment data: {'asset': [ErrorDetail(string='Invalid pk "226" - object does not exist.', code='does_not_exist')]}
ERROR 2024-03-07 10:20:36,149 views_main 19580 17504 Invalid asset assignment data: {'asset': [ErrorDetail(string='Invalid pk "227" - object does not exist.', code='does_not_exist')]}
INFO 2024-03-07 10:20:59,779 views_main 19580 17504 
(__-=*=-__ User 12 user_6 created asset assignment: 228. The fixed asset Asset object (216) is tied to the employee Иванов Иван Иванович. __-=*=-__)
INFO 2024-03-07 10:21:40,050 views_main 19580 17504 
(__-=*=-__ User user_6 updated return date for asset assignment: id = 228, asset = Asset object (216), staff = Иванов Иван Иванович. __-=*=-__)
INFO 2024-03-07 10:22:14,798 views_main 19580 17504 
(__-=*=-__ User 12 user_6 created asset assignment: 229. The fixed asset Asset object (216) is tied to the employee Дустов Далерджон Юнусович. __-=*=-__)
INFO 2024-03-07 10:22:46,098 views_main 19580 17504 
(__-=*=-__ User user_6 updated return date for asset assignment: id = 229, asset = Asset object (216), staff = Дустов Далерджон Юнусович. __-=*=-__)
INFO 2024-03-07 10:23:07,056 views_main 19580 17504 
(__-=*=-__ User 12 user_6 created asset assignment: 230. The fixed asset Asset object (216) is tied to the employee Дустов Далерджон Юнусович. __-=*=-__)
ERROR 2024-03-07 10:24:27,863 views_main 19580 17504 Invalid asset assignment data: {'asset': [ErrorDetail(string='Invalid pk "230" - object does not exist.', code='does_not_exist')]}
INFO 2024-03-07 10:24:42,283 views_main 19580 17504 
(__-=*=-__ User 12 user_6 created asset assignment: 231. The fixed asset Asset object (216) is tied to the employee Иванов Иван Иванович. __-=*=-__)
INFO 2024-03-07 10:26:31,323 views_main 19580 17504 All AssetsAssignments viewed by user 12 user_6.
INFO 2024-03-07 10:27:23,550 views_main 19580 17504 
(__-=*=-__ User 12 user_6 created asset assignment: 232. The fixed asset Asset object (216) is tied to the employee Дустов Далерджон Юнусович. __-=*=-__)
INFO 2024-03-07 10:27:48,838 views_main 19580 17504 
(__-=*=-__ User user_6 updated return date for asset assignment: id = 232, asset = Asset object (216), staff = Дустов Далерджон Юнусович. __-=*=-__)
INFO 2024-03-07 10:28:15,634 views_tasks 19580 17504 Successful completion of recalculation of fixed assets...
INFO 2024-03-07 10:28:50,145 views_tasks 19580 17504 Successful completion of recalculation of fixed assets...
INFO 2024-03-07 10:30:18,774 views_tasks 19580 17504 Successful completion of recalculation of fixed assets...
INFO 2024-03-07 10:30:56,755 views_tasks 19580 17504 Successful completion of recalculation of fixed assets...
INFO 2024-03-07 10:31:57,071 views_tasks 19580 17504 Successful completion of recalculation of fixed assets...
INFO 2024-03-07 10:31:57,946 views_tasks 19580 17504 Successful completion of recalculation of fixed assets...
INFO 2024-03-07 10:31:58,713 views_tasks 19580 17504 Successful completion of recalculation of fixed assets...
INFO 2024-03-07 10:31:59,462 views_tasks 19580 17504 Successful completion of recalculation of fixed assets...
INFO 2024-03-07 10:32:00,548 views_tasks 19580 17504 Successful completion of recalculation of fixed assets...
INFO 2024-03-07 10:32:42,263 views_reports 19580 17504 __-=*=-__ Retrieved assigned assets for staff with ID: 12. __-=*=-__
INFO 2024-03-07 10:33:05,652 views_reports 19580 17504 Retrieved assets for department with ID: 1
INFO 2024-03-07 10:33:32,960 views_reports 19580 17504 Retrieved assets for department with ID: 1
INFO 2024-03-07 10:34:30,916 views_reports 19580 17504 Retrieved assets for department with ID: 1
INFO 2024-03-07 10:34:57,557 views_reports 19580 17504 Retrieved assets for department with ID: 1
INFO 2024-03-07 10:35:03,680 views_reports 19580 17504 Retrieved assets for division with ID: 1
INFO 2024-03-07 10:35:36,970 views_reports 19580 17504 Retrieved retired assets
INFO 2024-03-07 10:35:44,578 views_reports 19580 17504 Calculated total price of active assets
INFO 2024-03-07 10:35:51,090 views_reports 19580 17504 Calculated total current price of active assets
INFO 2024-03-07 10:35:57,231 views_reports 19580 17504 Calculated total price for asset type with id 1
INFO 2024-03-07 10:36:13,918 views_reports 19580 17504 Calculated current price for asset type with id 1
INFO 2024-03-07 10:36:22,285 views_reports 19580 17504 Calculated current price for asset type with id 1
